<?xml version="1.0" encoding="UTF-8"?>
<!-- Generated by org.testng.reporters.JUnitXMLReporter -->
<testsuite ignored="0" hostname="kuldy" failures="0" tests="9" name="Default test" time="0.509" errors="0" timestamp="12 Oct 2018 00:10:18 GMT">
  <testcase classname="com.vtiger.login.MavenDemo1" name="add" time="0.079"/>
  <testcase classname="com.vtiger.login.MavenDemo1" name="mul" time="0.018"/>
  <testcase classname="com.vtiger.login.MavenDemo1" name="sub" time="0.012"/>
  <testcase classname="com.vtiger.login.MavenDemo2" name="add" time="0.027"/>
  <testcase classname="com.vtiger.login.MavenDemo2" name="mul" time="0.014"/>
  <testcase classname="com.vtiger.login.MavenDemo2" name="sub" time="0.014"/>
  <testcase classname="com.vtiger.login.MavenDemo" name="add" time="0.004"/>
  <testcase classname="com.vtiger.login.MavenDemo" name="mul" time="0.01"/>
  <testcase classname="com.vtiger.login.MavenDemo" name="sub" time="0.011"/>
</testsuite> <!-- Default test -->
