<?xml version="1.0" encoding="UTF-8"?>
<!-- Generated by org.testng.reporters.JUnitXMLReporter -->
<testsuite ignored="0" hostname="kuldy" failures="0" tests="9" name="Test" time="0.262" errors="0" timestamp="12 Oct 2018 00:54:51 GMT">
  <testcase classname="com.vtiger.login.MavenDemo2" name="add" time="0.03"/>
  <testcase classname="com.vtiger.login.MavenDemo2" name="mul" time="0.006"/>
  <testcase classname="com.vtiger.login.MavenDemo2" name="sub" time="0.009"/>
  <testcase classname="com.vtiger.login.MavenDemo1" name="add" time="0.005"/>
  <testcase classname="com.vtiger.login.MavenDemo1" name="mul" time="0.008"/>
  <testcase classname="com.vtiger.login.MavenDemo1" name="sub" time="0.017"/>
  <testcase classname="com.vtiger.login.MavenDemo" name="add" time="0.005"/>
  <testcase classname="com.vtiger.login.MavenDemo" name="mul" time="0.01"/>
  <testcase classname="com.vtiger.login.MavenDemo" name="sub" time="0.005"/>
</testsuite> <!-- Test -->
